<?xml version="1.0" encoding="UTF-8"?>
<!-- Generated by org.testng.reporters.JUnitReportReporter -->
<testsuite hostname="DESKTOP-QFAA1LC" failures="0" tests="4" name="samptestng.validation" time="0.023" errors="0" timestamp="23 Jul 2025 18:05:13 GMT" skipped="0">
  <testcase classname="samptestng.validation" name="Test1" time="0.016"/>
  <testcase classname="samptestng.validation" name="Test4" time="0.004"/>
  <testcase classname="samptestng.validation" name="Test2" time="0.002"/>
  <testcase classname="samptestng.validation" name="Test3" time="0.001"/>
</testsuite> <!-- samptestng.validation -->
