<?xml version="1.0" encoding="UTF-8"?>
<!-- Generated by org.testng.reporters.JUnitReportReporter -->
<testsuite hostname="DESKTOP-QFAA1LC" failures="0" tests="1" name="samptestng.group1" time="0.015" errors="0" timestamp="23 Jul 2025 13:24:58 GMT" skipped="0">
  <testcase classname="samptestng.group1" name="test2" time="0.015"/>
</testsuite> <!-- samptestng.group1 -->
