<?xml version="1.0" encoding="UTF-8"?>
<!-- Generated by org.testng.reporters.JUnitReportReporter -->
<testsuite hostname="DESKTOP-QFAA1LC" failures="0" tests="2" name="samptestng.group1" time="0.021" errors="0" timestamp="24 Jul 2025 08:35:52 GMT" skipped="0">
  <testcase classname="samptestng.group1" name="test1" time="0.019"/>
  <testcase classname="samptestng.group1" name="test2" time="0.002"/>
</testsuite> <!-- samptestng.group1 -->
