<?xml version="1.0" encoding="UTF-8"?>
<!-- Generated by org.testng.reporters.JUnitReportReporter -->
<testsuite hostname="DESKTOP-QFAA1LC" failures="0" tests="2" name="samptestng.samplone" time="0.017" errors="0" timestamp="23 Jul 2025 12:26:26 GMT" skipped="0">
  <testcase classname="samptestng.samplone" name="method3" time="0.013"/>
  <testcase classname="samptestng.samplone" name="method4" time="0.004"/>
</testsuite> <!-- samptestng.samplone -->
