<?xml version="1.0" encoding="UTF-8"?>
<!-- Generated by org.testng.reporters.JUnitReportReporter -->
<testsuite hostname="DESKTOP-QFAA1LC" failures="0" tests="3" name="samptestng.priorty1" time="0.025" errors="0" timestamp="23 Jul 2025 14:36:24 GMT" skipped="0">
  <testcase classname="samptestng.priorty1" name="krish" time="0.021"/>
  <testcase classname="samptestng.priorty1" name="nishu" time="0.003"/>
  <testcase classname="samptestng.priorty1" name="sugu" time="0.001"/>
</testsuite> <!-- samptestng.priorty1 -->
