<?xml version="1.0" encoding="UTF-8"?>
<!-- Generated by org.testng.reporters.JUnitReportReporter -->
<testsuite hostname="DESKTOP-QFAA1LC" failures="0" tests="2" name="samptestng.sampl" time="0.009" errors="0" timestamp="23 Jul 2025 12:26:26 GMT" skipped="0">
  <testcase classname="samptestng.sampl" name="method2" time="0.004"/>
  <testcase classname="samptestng.sampl" name="method1" time="0.005"/>
</testsuite> <!-- samptestng.sampl -->
