<?xml version="1.0" encoding="UTF-8"?>
<!-- Generated by org.testng.reporters.JUnitReportReporter -->
<testsuite hostname="DESKTOP-QFAA1LC" failures="0" tests="1" name="samptestng.samp" time="0.010" errors="0" timestamp="23 Jul 2025 12:13:04 GMT" skipped="0">
  <testcase classname="samptestng.samp" name="test9" time="0.010"/>
</testsuite> <!-- samptestng.samp -->
