<?xml version="1.0" encoding="UTF-8"?>
<!-- Generated by org.testng.reporters.JUnitReportReporter -->
<testsuite hostname="DESKTOP-QFAA1LC" failures="0" tests="3" name="samptestng.parallelclass1" time="0.023" errors="0" timestamp="23 Jul 2025 14:57:17 GMT" skipped="0">
  <testcase classname="samptestng.parallelclass1" name="nishu" time="0.004"/>
  <testcase classname="samptestng.parallelclass1" name="sugu" time="0.003"/>
  <testcase classname="samptestng.parallelclass1" name="krish" time="0.016"/>
</testsuite> <!-- samptestng.parallelclass1 -->
