<?xml version="1.0" encoding="UTF-8"?>
<!-- Generated by org.testng.reporters.JUnitReportReporter -->
<testsuite hostname="DESKTOP-QFAA1LC" failures="0" tests="3" name="samptestng.parallelmethod1" time="0.019" errors="0" timestamp="23 Jul 2025 15:28:25 GMT" skipped="0">
  <testcase classname="samptestng.parallelmethod1" name="parallel3" time="0.002"/>
  <testcase classname="samptestng.parallelmethod1" name="parallel1" time="0.014"/>
  <testcase classname="samptestng.parallelmethod1" name="parallel2" time="0.003"/>
</testsuite> <!-- samptestng.parallelmethod1 -->
