<?xml version="1.0" encoding="UTF-8"?>
<!-- Generated by org.testng.reporters.JUnitReportReporter -->
<testsuite hostname="DESKTOP-QFAA1LC" failures="0" tests="3" name="samptestng.parallelmethod2" time="0.010" errors="0" timestamp="23 Jul 2025 15:27:28 GMT" skipped="0">
  <testcase classname="samptestng.parallelmethod2" name="parallel4" time="0.003"/>
  <testcase classname="samptestng.parallelmethod2" name="parallel6" time="0.005"/>
  <testcase classname="samptestng.parallelmethod2" name="parallel5" time="0.002"/>
</testsuite> <!-- samptestng.parallelmethod2 -->
