<?xml version="1.0" encoding="UTF-8"?>
<!-- Generated by org.testng.reporters.JUnitReportReporter -->
<testsuite hostname="DESKTOP-QFAA1LC" failures="0" tests="1" name="samptestng.parameter_Testdata" time="0.021" errors="0" timestamp="23 Jul 2025 16:38:35 GMT" skipped="0">
  <testcase classname="samptestng.parameter_Testdata" name="test1" time="0.021"/>
</testsuite> <!-- samptestng.parameter_Testdata -->
